<?xml version="1.0" encoding="UTF-8"?>
<!-- Generated by org.testng.reporters.JUnitReportReporter -->
<testsuite hostname="DESKTOP-7PGM774" name="com.owm.testcases.FirstEtoETest" tests="2" failures="0" timestamp="10 Oct 2018 10:37:29 GMT" time="37.766" errors="0">
  <testcase name="openWeatherMapLogoTest" time="17.521" classname="com.owm.testcases.FirstEtoETest"/>
  <testcase name="homePageTitleTest" time="20.245" classname="com.owm.testcases.FirstEtoETest"/>
</testsuite> <!-- com.owm.testcases.FirstEtoETest -->
