<?xml version="1.0" encoding="UTF-8"?>
<!-- Generated by org.testng.reporters.JUnitReportReporter -->
<testsuite hostname="DESKTOP-7PGM774" name="com.owm.testcases.CentigradeToFarenheitTest" tests="1" failures="0" timestamp="11 Oct 2018 10:56:01 GMT" time="54.615" errors="0">
  <testcase name="checkFarenheitTest" time="54.615" classname="com.owm.testcases.CentigradeToFarenheitTest"/>
</testsuite> <!-- com.owm.testcases.CentigradeToFarenheitTest -->
