<?xml version="1.0" encoding="UTF-8"?>
<!-- Generated by org.testng.reporters.JUnitReportReporter -->
<testsuite hostname="DESKTOP-7PGM774" name="com.owm.testcases.SearchWeatherForInvalidCityTest" tests="1" failures="0" timestamp="11 Oct 2018 10:37:38 GMT" time="72.687" errors="0">
  <testcase name="searchInvalidCityWeatherTest" time="72.687" classname="com.owm.testcases.SearchWeatherForInvalidCityTest"/>
</testsuite> <!-- com.owm.testcases.SearchWeatherForInvalidCityTest -->
