<?xml version="1.0" encoding="UTF-8"?>
<!-- Generated by org.testng.reporters.JUnitReportReporter -->
<testsuite hostname="DESKTOP-7PGM774" name="com.owm.testcases.SearchInvalidCity" tests="1" failures="0" timestamp="10 Oct 2018 08:50:30 GMT" time="24.644" errors="0">
  <testcase name="searchInvalidCity" time="24.644" classname="com.owm.testcases.SearchInvalidCity"/>
</testsuite> <!-- com.owm.testcases.SearchInvalidCity -->
