<?xml version="1.0" encoding="UTF-8"?>
<!-- Generated by org.testng.reporters.JUnitReportReporter -->
<testsuite hostname="DESKTOP-7PGM774" name="com.owm.testcases.SearchWeatherForInvalidCity" tests="1" failures="0" timestamp="10 Oct 2018 12:23:25 GMT" time="25.482" errors="0">
  <testcase name="searchInvalidCityWeatherTest" time="25.482" classname="com.owm.testcases.SearchWeatherForInvalidCity"/>
</testsuite> <!-- com.owm.testcases.SearchWeatherForInvalidCity -->
