<?xml version="1.0" encoding="UTF-8"?>
<!-- Generated by org.testng.reporters.JUnitReportReporter -->
<testsuite hostname="DESKTOP-7PGM774" name="com.owm.testcases.SearchWeatherForValidCity" tests="1" failures="0" timestamp="10 Oct 2018 12:24:27 GMT" time="27.624" errors="0">
  <testcase name="searchValidCityWeatherTest" time="27.624" classname="com.owm.testcases.SearchWeatherForValidCity"/>
</testsuite> <!-- com.owm.testcases.SearchWeatherForValidCity -->
