<?xml version="1.0" encoding="UTF-8"?>
<!-- Generated by org.testng.reporters.JUnitReportReporter -->
<testsuite hostname="DESKTOP-7PGM774" name="com.owm.testcases.SearchWeatherForValidCityTest" tests="1" failures="0" timestamp="11 Oct 2018 11:08:07 GMT" time="39.121" errors="0">
  <testcase name="searchValidCityWeatherTest" time="39.121" classname="com.owm.testcases.SearchWeatherForValidCityTest"/>
</testsuite> <!-- com.owm.testcases.SearchWeatherForValidCityTest -->
