<?xml version="1.0" encoding="UTF-8"?>
<!-- Generated by org.testng.reporters.JUnitReportReporter -->
<testsuite hostname="DESKTOP-7PGM774" name="com.owm.testcases.CentigradeToFarenheitTest" tests="1" failures="0" timestamp="11 Oct 2018 11:08:07 GMT" time="51.870" errors="0">
  <testcase name="checkFarenheitTest" time="51.870" classname="com.owm.testcases.CentigradeToFarenheitTest"/>
</testsuite> <!-- com.owm.testcases.CentigradeToFarenheitTest -->
