<?xml version="1.0" encoding="UTF-8"?>
<!-- Generated by org.testng.reporters.JUnitReportReporter -->
<testsuite hostname="DESKTOP-7PGM774" name="com.owm.testcases.WeatherMapHomePageTest" tests="2" failures="0" timestamp="11 Oct 2018 11:08:07 GMT" time="45.335" errors="0">
  <testcase name="openWeatherMapLogoTest" time="29.839" classname="com.owm.testcases.WeatherMapHomePageTest"/>
  <testcase name="homePageTitleTest" time="15.496" classname="com.owm.testcases.WeatherMapHomePageTest"/>
</testsuite> <!-- com.owm.testcases.WeatherMapHomePageTest -->
